ERROR:server:Exception on /api/create_doc [POST]
Traceback (most recent call last):
  File "/usr/local/lib/python3.10/dist-packages/flask/app.py", line 1511, in wsgi_app
    response = self.full_dispatch_request()
  File "/usr/local/lib/python3.10/dist-packages/flask/app.py", line 919, in full_dispatch_request
    rv = self.handle_user_exception(e)
  File "/usr/local/lib/python3.10/dist-packages/flask/app.py", line 917, in full_dispatch_request
    rv = self.dispatch_request()
  File "/usr/local/lib/python3.10/dist-packages/flask/app.py", line 902, in dispatch_request
    return self.ensure_sync(self.view_functions[rule.endpoint])(**view_args)  # type: ignore[no-any-return]
  File "/root/simple-writer/server.py", line 137, in decorated
    return f(*args, **kwargs)
  File "/root/simple-writer/server.py", line 1039, in create_doc
    meta = load_meta(doc_id)
  File "/root/simple-writer/server.py", line 202, in load_meta
    return {"authors": [], "views": 0, "edit_mode": "public", "allowed_users": [], "title": doc_id, "status": "published", "text_stroke": false, "cover_thumb": None}
NameError: name 'false' is not defined
ERROR:server:Exception on /api/create_doc [POST]
Traceback (most recent call last):
  File "/usr/local/lib/python3.10/dist-packages/flask/app.py", line 1511, in wsgi_app
    response = self.full_dispatch_request()
  File "/usr/local/lib/python3.10/dist-packages/flask/app.py", line 919, in full_dispatch_request
    rv = self.handle_user_exception(e)
  File "/usr/local/lib/python3.10/dist-packages/flask/app.py", line 917, in full_dispatch_request
    rv = self.dispatch_request()
  File "/usr/local/lib/python3.10/dist-packages/flask/app.py", line 902, in dispatch_request
    return self.ensure_sync(self.view_functions[rule.endpoint])(**view_args)  # type: ignore[no-any-return]
  File "/root/simple-writer/server.py", line 137, in decorated
    return f(*args, **kwargs)
  File "/root/simple-writer/server.py", line 1039, in create_doc
    meta = load_meta(doc_id)
  File "/root/simple-writer/server.py", line 202, in load_meta
    return {"authors": [], "views": 0, "edit_mode": "public", "allowed_users": [], "title": doc_id, "status": "published", "text_stroke": false, "cover_thumb": None}
NameError: name 'false' is not defined
ERROR:server:Exception on /api/create_doc [POST]
Traceback (most recent call last):
  File "/usr/local/lib/python3.10/dist-packages/flask/app.py", line 1511, in wsgi_app
    response = self.full_dispatch_request()
  File "/usr/local/lib/python3.10/dist-packages/flask/app.py", line 919, in full_dispatch_request
    rv = self.handle_user_exception(e)
  File "/usr/local/lib/python3.10/dist-packages/flask/app.py", line 917, in full_dispatch_request
    rv = self.dispatch_request()
  File "/usr/local/lib/python3.10/dist-packages/flask/app.py", line 902, in dispatch_request
    return self.ensure_sync(self.view_functions[rule.endpoint])(**view_args)  # type: ignore[no-any-return]
  File "/root/simple-writer/server.py", line 137, in decorated
    return f(*args, **kwargs)
  File "/root/simple-writer/server.py", line 1039, in create_doc
    meta = load_meta(doc_id)
  File "/root/simple-writer/server.py", line 202, in load_meta
    return {"authors": [], "views": 0, "edit_mode": "public", "allowed_users": [], "title": doc_id, "status": "published", "text_stroke": false, "cover_thumb": None}
NameError: name 'false' is not defined
